[2023-11-09 22:34:31.857]	local.info	registration-booking/main.go:16	log init success!
[2023-11-09 22:49:25.255]	local.info	registration-booking/main.go:16	log init success!
[2023-11-09 23:00:03.487]	local.info	registration-booking/main.go:16	log init success!
[2023-11-09 23:03:16.984]	local.info	registration-booking/main.go:16	log init success!
[2023-11-09 23:04:49.736]	local.info	registration-booking/main.go:17	log init success!
[2023-11-09 23:07:14.528]	local.info	registration-booking/main.go:17	log init success!
[2023-11-09 23:11:16.791]	local.info	registration-booking/main.go:17	log init success!
[2023-11-09 23:12:57.294]	local.info	registration-booking/main.go:17	log init success!
[2023-11-09 23:21:17.265]	local.info	registration-booking/main.go:17	log init success!
[2023-11-09 23:23:24.620]	local.info	registration-booking/main.go:17	log init success!
[2023-11-09 23:28:50.299]	local.info	registration-booking/main.go:17	log init success!
[2023-11-09 23:30:53.271]	local.info	registration-booking/main.go:17	log init success!
[2023-11-09 23:32:35.888]	local.info	registration-booking/main.go:17	log init success!
[2023-11-09 23:34:59.369]	local.info	registration-booking/main.go:17	log init success!
[2023-11-09 23:40:29.953]	local.info	registration-booking/main.go:17	log init success!
[2023-11-09 23:45:03.775]	local.info	registration-booking/main.go:17	log init success!
[2023-11-09 23:49:50.931]	local.info	registration-booking/main.go:17	log init success!
[2023-11-09 23:52:22.438]	local.info	registration-booking/main.go:17	log init success!
[2023-11-09 23:58:21.084]	local.info	registration-booking/main.go:17	log init success!
[2023-11-10 00:02:46.589]	local.info	registration-booking/main.go:17	log init success!
[2023-11-10 00:13:13.215]	local.info	registration-booking/main.go:17	log init success!
[2023-11-10 00:14:54.900]	local.info	registration-booking/main.go:17	log init success!
[2023-11-10 00:16:08.865]	local.info	registration-booking/main.go:17	log init success!
[2023-11-10 00:29:05.265]	local.info	registration-booking/main.go:17	log init success!
[2023-11-10 00:30:28.662]	local.info	registration-booking/main.go:17	log init success!
[2023-11-10 16:46:55.868]	local.error	bootstrap/redis.go:19	Redis connect ping failed, err:	{"err": "dial tcp 127.0.0.1:6379: connectex: No connection could be made because the target machine actively refused it."}
[2023-11-10 16:47:52.029]	local.error	bootstrap/redis.go:19	Redis connect ping failed, err:	{"err": "dial tcp 127.0.0.1:6379: connectex: No connection could be made because the target machine actively refused it."}
[2023-11-10 16:49:01.009]	local.error	bootstrap/redis.go:19	Redis connect ping failed, err:	{"err": "dial tcp 127.0.0.1:6379: connectex: No connection could be made because the target machine actively refused it."}
[2023-11-11 23:48:10.529]	local.error	bootstrap/redis.go:19	Redis connect ping failed, err:	{"err": "dial tcp 127.0.0.1:6379: connectex: No connection could be made because the target machine actively refused it."}
[2023-11-11 23:48:28.566]	local.error	bootstrap/redis.go:19	Redis connect ping failed, err:	{"err": "dial tcp 127.0.0.1:6379: connectex: No connection could be made because the target machine actively refused it."}


[31m2023/11/11 23:52:04 [Recovery] 2023/11/11 - 23:52:04 panic recovered:
POST /api/auth/wx_login HTTP/1.1
Host: localhost:8888
Accept: */*
Accept-Encoding: gzip, deflate, br
Cache-Control: no-cache
Connection: keep-alive
Content-Length: 51
Content-Type: application/json
User-Agent: PostmanRuntime-ApipostRuntime/1.1.0


value method registration-booking/app/models.User.GetUid called using nil *User pointer
D:/Go/go1.20.3/src/runtime/error.go:329 (0xcbaaa6)
	panicwrap: panic(plainError("value method " + pkg + "." + typ + "." + meth + " called using nil *" + typ + " pointer"))
<autogenerated>:1 (0x1795e70)
E:/学习/last/registration-booking/app/services/jwt.go:46 (0x199b4e7)
	(*jwtService).CreateToken: Id:        user.GetUid(),
E:/学习/last/registration-booking/app/handler/user.go:73 (0x19a05a4)
	WxLogin: tokenData, err, _ := services.JwtService.CreateToken(services.AppGuardName, user)
E:/学习/golang学习/GO/pkg/mod/github.com/gin-gonic/gin@v1.9.1/context.go:174 (0x189a65c)
	(*Context).Next: c.handlers[c.index](c)
E:/学习/golang学习/GO/pkg/mod/github.com/gin-gonic/gin@v1.9.1/recovery.go:102 (0x18ae097)
	CustomRecoveryWithWriter.func1: c.Next()
E:/学习/golang学习/GO/pkg/mod/github.com/gin-gonic/gin@v1.9.1/context.go:174 (0x189a65c)
	(*Context).Next: c.handlers[c.index](c)
E:/学习/golang学习/GO/pkg/mod/github.com/gin-gonic/gin@v1.9.1/logger.go:240 (0x18acb31)
	LoggerWithConfig.func1: c.Next()
E:/学习/golang学习/GO/pkg/mod/github.com/gin-gonic/gin@v1.9.1/context.go:174 (0x189a65c)
	(*Context).Next: c.handlers[c.index](c)
E:/学习/golang学习/GO/pkg/mod/github.com/gin-gonic/gin@v1.9.1/gin.go:620 (0x18aa713)
	(*Engine).handleHTTPRequest: c.Next()
E:/学习/golang学习/GO/pkg/mod/github.com/gin-gonic/gin@v1.9.1/gin.go:576 (0x18aa1e4)
	(*Engine).ServeHTTP: engine.handleHTTPRequest(c)
D:/Go/go1.20.3/src/net/http/server.go:2936 (0x122f493)
	serverHandler.ServeHTTP: handler.ServeHTTP(rw, req)
D:/Go/go1.20.3/src/net/http/server.go:1995 (0x1228e74)
	(*conn).serve: serverHandler{c.server}.ServeHTTP(w, w.req)
D:/Go/go1.20.3/src/runtime/asm_amd64.s:1598 (0xd1f880)
	goexit: BYTE	$0x90	// NOP
[0m
[2023-11-12 00:00:35.273]	local.error	bootstrap/redis.go:19	Redis connect ping failed, err:	{"err": "dial tcp 127.0.0.1:6379: connectex: No connection could be made because the target machine actively refused it."}
[2023-11-12 00:38:24.501]	local.error	bootstrap/redis.go:19	Redis connect ping failed, err:	{"err": "dial tcp 127.0.0.1:6379: connectex: No connection could be made because the target machine actively refused it."}
[2023-11-12 01:40:12.364]	local.error	bootstrap/redis.go:19	Redis connect ping failed, err:	{"err": "dial tcp 127.0.0.1:6379: connectex: No connection could be made because the target machine actively refused it."}
[2023-11-12 01:41:18.335]	local.error	bootstrap/redis.go:19	Redis connect ping failed, err:	{"err": "dial tcp 127.0.0.1:6379: connectex: No connection could be made because the target machine actively refused it."}
[2023-11-15 21:07:02.856]	local.error	bootstrap/redis.go:19	Redis connect ping failed, err:	{"err": "dial tcp 127.0.0.1:6379: connectex: No connection could be made because the target machine actively refused it."}
[2023-11-16 17:10:14.928]	local.error	bootstrap/redis.go:19	Redis connect ping failed, err:	{"err": "dial tcp 127.0.0.1:6379: connectex: No connection could be made because the target machine actively refused it."}
[2023-11-16 19:46:19.660]	local.error	bootstrap/redis.go:19	Redis connect ping failed, err:	{"err": "dial tcp 127.0.0.1:6379: connectex: No connection could be made because the target machine actively refused it."}
[2023-11-16 19:46:59.261]	local.error	bootstrap/redis.go:19	Redis connect ping failed, err:	{"err": "dial tcp 127.0.0.1:6379: connectex: No connection could be made because the target machine actively refused it."}


[31m2023/11/16 19:47:56 [Recovery] 2023/11/16 - 19:47:56 panic recovered:
POST /api/auth/info HTTP/1.1
Host: localhost:8888
Accept: */*
Accept-Encoding: gzip, deflate, br
Authorization: *
Cache-Control: no-cache
Connection: keep-alive
Content-Length: 0
User-Agent: PostmanRuntime-ApipostRuntime/1.1.0


runtime error: invalid memory address or nil pointer dereference
D:/Go/go1.20.3/src/runtime/panic.go:260 (0x98d084)
	panicmem: panic(memoryError)
D:/Go/go1.20.3/src/runtime/signal_windows.go:257 (0x9a26cd)
	sigpanic: panicmem()
E:/学习/last/registration-booking/app/services/jwt.go:79 (0x163c998)
	(*jwtService).IsInBlacklist: joinUnixStr, err := global.App.Redis.Get(context.Background(), jwtService.getBlackListKey(tokenStr)).Result()
E:/学习/last/registration-booking/app/middleware/jwt.go:27 (0x163f6f5)
	JWTAuth.func1: if err != nil || services.JwtService.IsInBlacklist(tokenStr) {
E:/学习/golang学习/GO/pkg/mod/github.com/gin-gonic/gin@v1.9.1/context.go:174 (0x16063bc)
	(*Context).Next: c.handlers[c.index](c)
E:/学习/golang学习/GO/pkg/mod/github.com/gin-gonic/gin@v1.9.1/recovery.go:102 (0x1619df7)
	CustomRecoveryWithWriter.func1: c.Next()
E:/学习/golang学习/GO/pkg/mod/github.com/gin-gonic/gin@v1.9.1/context.go:174 (0x16063bc)
	(*Context).Next: c.handlers[c.index](c)
E:/学习/golang学习/GO/pkg/mod/github.com/gin-gonic/gin@v1.9.1/logger.go:240 (0x1618891)
	LoggerWithConfig.func1: c.Next()
E:/学习/golang学习/GO/pkg/mod/github.com/gin-gonic/gin@v1.9.1/context.go:174 (0x16063bc)
	(*Context).Next: c.handlers[c.index](c)
E:/学习/golang学习/GO/pkg/mod/github.com/gin-gonic/gin@v1.9.1/gin.go:620 (0x1616473)
	(*Engine).handleHTTPRequest: c.Next()
E:/学习/golang学习/GO/pkg/mod/github.com/gin-gonic/gin@v1.9.1/gin.go:576 (0x1615f44)
	(*Engine).ServeHTTP: engine.handleHTTPRequest(c)
D:/Go/go1.20.3/src/net/http/server.go:2936 (0xecf493)
	serverHandler.ServeHTTP: handler.ServeHTTP(rw, req)
D:/Go/go1.20.3/src/net/http/server.go:1995 (0xec8e74)
	(*conn).serve: serverHandler{c.server}.ServeHTTP(w, w.req)
D:/Go/go1.20.3/src/runtime/asm_amd64.s:1598 (0x9bf880)
	goexit: BYTE	$0x90	// NOP
[0m
[2023-11-16 19:48:34.313]	local.error	bootstrap/redis.go:19	Redis connect ping failed, err:	{"err": "dial tcp 127.0.0.1:6379: connectex: No connection could be made because the target machine actively refused it."}


[31m2023/11/16 19:48:40 [Recovery] 2023/11/16 - 19:48:40 panic recovered:
POST /api/auth/info HTTP/1.1
Host: localhost:8888
Accept: */*
Accept-Encoding: gzip, deflate, br
Authorization: *
Cache-Control: no-cache
Connection: keep-alive
Content-Length: 0
User-Agent: PostmanRuntime-ApipostRuntime/1.1.0


runtime error: invalid memory address or nil pointer dereference
D:/Go/go1.20.3/src/runtime/panic.go:260 (0x6fb8a6)
	panicmem: panic(memoryError)
D:/Go/go1.20.3/src/runtime/signal_windows.go:257 (0x6fb876)
	sigpanic: panicmem()
E:/学习/last/registration-booking/app/services/jwt.go:79 (0xf27ff8)
	(*jwtService).IsInBlacklist: joinUnixStr, err := global.App.Redis.Get(context.Background(), jwtService.getBlackListKey(tokenStr)).Result()
E:/学习/last/registration-booking/app/middleware/jwt.go:27 (0xf29f05)
	JWTAuth.func1: if err != nil || services.JwtService.IsInBlacklist(tokenStr) {
E:/学习/golang学习/GO/pkg/mod/github.com/gin-gonic/gin@v1.9.1/context.go:174 (0xf137c1)
	(*Context).Next: c.handlers[c.index](c)
E:/学习/golang学习/GO/pkg/mod/github.com/gin-gonic/gin@v1.9.1/recovery.go:102 (0xf137ac)
	CustomRecoveryWithWriter.func1: c.Next()
E:/学习/golang学习/GO/pkg/mod/github.com/gin-gonic/gin@v1.9.1/context.go:174 (0xf128e6)
	(*Context).Next: c.handlers[c.index](c)
E:/学习/golang学习/GO/pkg/mod/github.com/gin-gonic/gin@v1.9.1/logger.go:240 (0xf128c9)
	LoggerWithConfig.func1: c.Next()
E:/学习/golang学习/GO/pkg/mod/github.com/gin-gonic/gin@v1.9.1/context.go:174 (0xf1198a)
	(*Context).Next: c.handlers[c.index](c)
E:/学习/golang学习/GO/pkg/mod/github.com/gin-gonic/gin@v1.9.1/gin.go:620 (0xf11611)
	(*Engine).handleHTTPRequest: c.Next()
E:/学习/golang学习/GO/pkg/mod/github.com/gin-gonic/gin@v1.9.1/gin.go:576 (0xf1113c)
	(*Engine).ServeHTTP: engine.handleHTTPRequest(c)
D:/Go/go1.20.3/src/net/http/server.go:2936 (0xa2bd75)
	serverHandler.ServeHTTP: handler.ServeHTTP(rw, req)
D:/Go/go1.20.3/src/net/http/server.go:1995 (0xa27291)
	(*conn).serve: serverHandler{c.server}.ServeHTTP(w, w.req)
D:/Go/go1.20.3/src/runtime/asm_amd64.s:1598 (0x717c00)
	goexit: BYTE	$0x90	// NOP
[0m


[31m2023/11/16 19:49:29 [Recovery] 2023/11/16 - 19:49:29 panic recovered:
POST /api/auth/info HTTP/1.1
Host: localhost:8888
Accept: */*
Accept-Encoding: gzip, deflate, br
Authorization: *
Cache-Control: no-cache
Connection: keep-alive
Content-Length: 0
User-Agent: PostmanRuntime-ApipostRuntime/1.1.0


runtime error: invalid memory address or nil pointer dereference
D:/Go/go1.20.3/src/runtime/panic.go:260 (0x6fb8a6)
	panicmem: panic(memoryError)
D:/Go/go1.20.3/src/runtime/signal_windows.go:257 (0x6fb876)
	sigpanic: panicmem()
E:/学习/last/registration-booking/app/services/jwt.go:79 (0xf27ff8)
	(*jwtService).IsInBlacklist: joinUnixStr, err := global.App.Redis.Get(context.Background(), jwtService.getBlackListKey(tokenStr)).Result()
E:/学习/last/registration-booking/app/middleware/jwt.go:27 (0xf29f05)
	JWTAuth.func1: if err != nil || services.JwtService.IsInBlacklist(tokenStr) {
E:/学习/golang学习/GO/pkg/mod/github.com/gin-gonic/gin@v1.9.1/context.go:174 (0xf137c1)
	(*Context).Next: c.handlers[c.index](c)
E:/学习/golang学习/GO/pkg/mod/github.com/gin-gonic/gin@v1.9.1/recovery.go:102 (0xf137ac)
	CustomRecoveryWithWriter.func1: c.Next()
E:/学习/golang学习/GO/pkg/mod/github.com/gin-gonic/gin@v1.9.1/context.go:174 (0xf128e6)
	(*Context).Next: c.handlers[c.index](c)
E:/学习/golang学习/GO/pkg/mod/github.com/gin-gonic/gin@v1.9.1/logger.go:240 (0xf128c9)
	LoggerWithConfig.func1: c.Next()
E:/学习/golang学习/GO/pkg/mod/github.com/gin-gonic/gin@v1.9.1/context.go:174 (0xf1198a)
	(*Context).Next: c.handlers[c.index](c)
E:/学习/golang学习/GO/pkg/mod/github.com/gin-gonic/gin@v1.9.1/gin.go:620 (0xf11611)
	(*Engine).handleHTTPRequest: c.Next()
E:/学习/golang学习/GO/pkg/mod/github.com/gin-gonic/gin@v1.9.1/gin.go:576 (0xf1113c)
	(*Engine).ServeHTTP: engine.handleHTTPRequest(c)
D:/Go/go1.20.3/src/net/http/server.go:2936 (0xa2bd75)
	serverHandler.ServeHTTP: handler.ServeHTTP(rw, req)
D:/Go/go1.20.3/src/net/http/server.go:1995 (0xa27291)
	(*conn).serve: serverHandler{c.server}.ServeHTTP(w, w.req)
D:/Go/go1.20.3/src/runtime/asm_amd64.s:1598 (0x717c00)
	goexit: BYTE	$0x90	// NOP
[0m
[2023-11-16 22:07:51.276]	local.error	bootstrap/redis.go:19	Redis connect ping failed, err:	{"err": "dial tcp 127.0.0.1:6379: connectex: No connection could be made because the target machine actively refused it."}
[2023-11-16 22:09:49.381]	local.error	bootstrap/redis.go:19	Redis connect ping failed, err:	{"err": "dial tcp 127.0.0.1:6379: connectex: No connection could be made because the target machine actively refused it."}


[31m2023/11/16 22:17:59 [Recovery] 2023/11/16 - 22:17:59 panic recovered:
POST /api/auth/info HTTP/1.1
Host: localhost:8888
Accept: */*
Accept-Encoding: gzip, deflate, br
Authorization: *
Connection: keep-alive
Content-Length: 2
Content-Type: application/json
Referer: https://servicewechat.com/wx4d9bb2a0cf5d69f4/devtools/page-frame.html
Sec-Fetch-Dest: empty
Sec-Fetch-Mode: cors
Sec-Fetch-Site: cross-site
User-Agent: Mozilla/5.0 (iPhone; CPU iPhone OS 10_3_1 like Mac OS X) AppleWebKit/603.1.3 (KHTML, like Gecko) Version/10.0 Mobile/14E304 Safari/602.1 wechatdevtools/1.06.2310080 MicroMessenger/8.0.5 Language/zh_CN webview/


runtime error: invalid memory address or nil pointer dereference
D:/Go/go1.20.3/src/runtime/panic.go:260 (0xb3d084)
	panicmem: panic(memoryError)
D:/Go/go1.20.3/src/runtime/signal_windows.go:257 (0xb526cd)
	sigpanic: panicmem()
E:/学习/last/registration-booking/app/services/jwt.go:79 (0x17ec998)
	(*jwtService).IsInBlacklist: joinUnixStr, err := global.App.Redis.Get(context.Background(), jwtService.getBlackListKey(tokenStr)).Result()
E:/学习/last/registration-booking/app/middleware/jwt.go:27 (0x17ef6f5)
	JWTAuth.func1: if err != nil || services.JwtService.IsInBlacklist(tokenStr) {
E:/学习/golang学习/GO/pkg/mod/github.com/gin-gonic/gin@v1.9.1/context.go:174 (0x17b63bc)
	(*Context).Next: c.handlers[c.index](c)
E:/学习/golang学习/GO/pkg/mod/github.com/gin-gonic/gin@v1.9.1/recovery.go:102 (0x17c9df7)
	CustomRecoveryWithWriter.func1: c.Next()
E:/学习/golang学习/GO/pkg/mod/github.com/gin-gonic/gin@v1.9.1/context.go:174 (0x17b63bc)
	(*Context).Next: c.handlers[c.index](c)
E:/学习/golang学习/GO/pkg/mod/github.com/gin-gonic/gin@v1.9.1/logger.go:240 (0x17c8891)
	LoggerWithConfig.func1: c.Next()
E:/学习/golang学习/GO/pkg/mod/github.com/gin-gonic/gin@v1.9.1/context.go:174 (0x17b63bc)
	(*Context).Next: c.handlers[c.index](c)
E:/学习/golang学习/GO/pkg/mod/github.com/gin-gonic/gin@v1.9.1/gin.go:620 (0x17c6473)
	(*Engine).handleHTTPRequest: c.Next()
E:/学习/golang学习/GO/pkg/mod/github.com/gin-gonic/gin@v1.9.1/gin.go:576 (0x17c5f44)
	(*Engine).ServeHTTP: engine.handleHTTPRequest(c)
D:/Go/go1.20.3/src/net/http/server.go:2936 (0x107f493)
	serverHandler.ServeHTTP: handler.ServeHTTP(rw, req)
D:/Go/go1.20.3/src/net/http/server.go:1995 (0x1078e74)
	(*conn).serve: serverHandler{c.server}.ServeHTTP(w, w.req)
D:/Go/go1.20.3/src/runtime/asm_amd64.s:1598 (0xb6f880)
	goexit: BYTE	$0x90	// NOP
[0m


[31m2023/11/16 22:19:11 [Recovery] 2023/11/16 - 22:19:11 panic recovered:
POST /api/auth/info HTTP/1.1
Host: localhost:8888
Accept: */*
Accept-Encoding: gzip, deflate, br
Authorization: *
Connection: keep-alive
Content-Length: 2
Content-Type: application/json
Referer: https://servicewechat.com/wx4d9bb2a0cf5d69f4/devtools/page-frame.html
Sec-Fetch-Dest: empty
Sec-Fetch-Mode: cors
Sec-Fetch-Site: cross-site
User-Agent: Mozilla/5.0 (iPhone; CPU iPhone OS 10_3_1 like Mac OS X) AppleWebKit/603.1.3 (KHTML, like Gecko) Version/10.0 Mobile/14E304 Safari/602.1 wechatdevtools/1.06.2310080 MicroMessenger/8.0.5 Language/zh_CN webview/


runtime error: invalid memory address or nil pointer dereference
D:/Go/go1.20.3/src/runtime/panic.go:260 (0xb3d084)
	panicmem: panic(memoryError)
D:/Go/go1.20.3/src/runtime/signal_windows.go:257 (0xb526cd)
	sigpanic: panicmem()
E:/学习/last/registration-booking/app/services/jwt.go:79 (0x17ec998)
	(*jwtService).IsInBlacklist: joinUnixStr, err := global.App.Redis.Get(context.Background(), jwtService.getBlackListKey(tokenStr)).Result()
E:/学习/last/registration-booking/app/middleware/jwt.go:27 (0x17ef6f5)
	JWTAuth.func1: if err != nil || services.JwtService.IsInBlacklist(tokenStr) {
E:/学习/golang学习/GO/pkg/mod/github.com/gin-gonic/gin@v1.9.1/context.go:174 (0x17b63bc)
	(*Context).Next: c.handlers[c.index](c)
E:/学习/golang学习/GO/pkg/mod/github.com/gin-gonic/gin@v1.9.1/recovery.go:102 (0x17c9df7)
	CustomRecoveryWithWriter.func1: c.Next()
E:/学习/golang学习/GO/pkg/mod/github.com/gin-gonic/gin@v1.9.1/context.go:174 (0x17b63bc)
	(*Context).Next: c.handlers[c.index](c)
E:/学习/golang学习/GO/pkg/mod/github.com/gin-gonic/gin@v1.9.1/logger.go:240 (0x17c8891)
	LoggerWithConfig.func1: c.Next()
E:/学习/golang学习/GO/pkg/mod/github.com/gin-gonic/gin@v1.9.1/context.go:174 (0x17b63bc)
	(*Context).Next: c.handlers[c.index](c)
E:/学习/golang学习/GO/pkg/mod/github.com/gin-gonic/gin@v1.9.1/gin.go:620 (0x17c6473)
	(*Engine).handleHTTPRequest: c.Next()
E:/学习/golang学习/GO/pkg/mod/github.com/gin-gonic/gin@v1.9.1/gin.go:576 (0x17c5f44)
	(*Engine).ServeHTTP: engine.handleHTTPRequest(c)
D:/Go/go1.20.3/src/net/http/server.go:2936 (0x107f493)
	serverHandler.ServeHTTP: handler.ServeHTTP(rw, req)
D:/Go/go1.20.3/src/net/http/server.go:1995 (0x1078e74)
	(*conn).serve: serverHandler{c.server}.ServeHTTP(w, w.req)
D:/Go/go1.20.3/src/runtime/asm_amd64.s:1598 (0xb6f880)
	goexit: BYTE	$0x90	// NOP
[0m
[2023-11-17 11:50:26.518]	local.error	bootstrap/redis.go:19	Redis connect ping failed, err:	{"err": "dial tcp 127.0.0.1:6379: connectex: No connection could be made because the target machine actively refused it."}
[2023-11-24 23:56:15.587]	local.error	bootstrap/db.go:68	migrate table failed	{"err": "invalid field found for struct registration-booking/app/models.Department's field Children: define a valid foreign key for relations or implement the Valuer/Scanner interface"}
[2023-11-25 00:38:43.007]	local.error	bootstrap/db.go:68	migrate table failed	{"err": "Error 1265 (01000): Data truncated for column 'introduction' at row 2"}
[2023-11-25 00:39:02.153]	local.error	bootstrap/db.go:68	migrate table failed	{"err": "Error 1265 (01000): Data truncated for column 'introduction' at row 2"}
[2023-11-25 00:40:22.172]	local.error	bootstrap/db.go:68	migrate table failed	{"err": "Error 1265 (01000): Data truncated for column 'introduction' at row 2"}
[2023-11-25 00:45:56.751]	local.error	bootstrap/db.go:68	migrate table failed	{"err": "Error 1071 (42000): Specified key was too long; max key length is 3072 bytes"}
[2023-11-28 10:47:38.574]	local.error	bootstrap/db.go:70	migrate table failed	{"err": "Error 1170 (42000): BLOB/TEXT column 'mobile' used in key specification without a key length"}


[31m2023/11/28 11:06:38 [Recovery] 2023/11/28 - 11:06:38 panic recovered:
POST /api/admin/create_doctor HTTP/1.1
Host: localhost:8888
Accept: */*
Accept-Encoding: gzip, deflate, br
Authorization: *
Cache-Control: no-cache
Connection: keep-alive
Content-Length: 1253
Content-Type: application/json
User-Agent: PostmanRuntime-ApipostRuntime/1.1.0


interface conversion: interface {} is string, not uint
D:/Go/go1.20.3/src/runtime/iface.go:262 (0x2c309)
	panicdottypeE: panic(&TypeAssertionError{iface, have, want, ""})
E:/学习/last/registration-booking/app/handler/user.go:90 (0xd1748a)
	CreateDoctor: if err, user := services.UserService.CreateDoctor(form, c.Keys["id"].(uint)); err != nil {
E:/学习/golang学习/GO/pkg/mod/github.com/gin-gonic/gin@v1.9.1/context.go:174 (0xcd74bc)
	(*Context).Next: c.handlers[c.index](c)
E:/学习/golang学习/GO/pkg/mod/github.com/gin-gonic/gin@v1.9.1/recovery.go:102 (0xceaef7)
	CustomRecoveryWithWriter.func1: c.Next()
E:/学习/golang学习/GO/pkg/mod/github.com/gin-gonic/gin@v1.9.1/context.go:174 (0xcd74bc)
	(*Context).Next: c.handlers[c.index](c)
E:/学习/golang学习/GO/pkg/mod/github.com/gin-gonic/gin@v1.9.1/logger.go:240 (0xce9991)
	LoggerWithConfig.func1: c.Next()
E:/学习/golang学习/GO/pkg/mod/github.com/gin-gonic/gin@v1.9.1/context.go:174 (0xcd74bc)
	(*Context).Next: c.handlers[c.index](c)
E:/学习/golang学习/GO/pkg/mod/github.com/gin-gonic/gin@v1.9.1/gin.go:620 (0xce7573)
	(*Engine).handleHTTPRequest: c.Next()
E:/学习/golang学习/GO/pkg/mod/github.com/gin-gonic/gin@v1.9.1/gin.go:576 (0xce7044)
	(*Engine).ServeHTTP: engine.handleHTTPRequest(c)
D:/Go/go1.20.3/src/net/http/server.go:2936 (0x59f493)
	serverHandler.ServeHTTP: handler.ServeHTTP(rw, req)
D:/Go/go1.20.3/src/net/http/server.go:1995 (0x598e74)
	(*conn).serve: serverHandler{c.server}.ServeHTTP(w, w.req)
D:/Go/go1.20.3/src/runtime/asm_amd64.s:1598 (0x8f880)
	goexit: BYTE	$0x90	// NOP
[0m
